SF:lib/utils/string_helper.dart
DA:2,1
DA:3,1
DA:5,2
DA:6,2
DA:7,6
DA:9,2
LF:6
LH:6
end_of_record
SF:lib/utils/phone_formatter.dart
DA:7,1
DA:12,1
DA:17,2
DA:22,3
DA:25,5
DA:26,2
DA:27,2
DA:32,1
DA:35,2
DA:36,2
DA:37,1
DA:38,1
DA:39,4
DA:44,1
DA:46,2
DA:47,0
DA:49,0
DA:53,2
DA:55,1
DA:57,1
DA:61,1
DA:62,1
DA:67,1
DA:70,1
DA:71,0
DA:77,5
DA:78,4
DA:80,2
DA:81,1
DA:84,3
DA:86,1
DA:89,1
LF:32
LH:29
end_of_record
SF:lib/utils/contacts_helper.dart
DA:7,1
DA:8,1
DA:9,1
DA:14,1
DA:15,0
DA:18,0
DA:19,0
DA:20,0
DA:21,0
DA:22,0
DA:23,0
DA:26,0
DA:34,0
DA:36,0
DA:38,0
DA:39,0
DA:42,0
DA:43,0
DA:45,0
DA:55,2
DA:56,2
DA:60,0
DA:65,0
DA:66,0
DA:67,0
DA:68,0
DA:69,0
DA:71,0
DA:80,0
DA:81,0
DA:82,0
DA:83,0
DA:84,0
DA:85,0
DA:86,0
DA:87,0
DA:89,0
DA:90,0
DA:91,0
DA:92,0
DA:93,0
DA:94,0
DA:103,0
DA:105,0
DA:108,0
DA:109,0
DA:110,0
DA:111,0
DA:115,0
DA:118,0
DA:119,0
LF:51
LH:6
end_of_record
SF:lib/services/profile_service.dart
DA:10,3
DA:14,2
DA:15,2
DA:19,1
DA:21,8
DA:22,1
DA:23,1
DA:25,2
DA:30,1
DA:32,5
DA:34,2
DA:39,1
DA:41,2
DA:42,1
DA:43,1
DA:44,1
DA:45,1
DA:47,2
DA:52,1
DA:54,2
DA:55,1
DA:56,1
DA:57,1
DA:59,1
DA:64,2
DA:65,2
DA:66,4
DA:68,0
DA:73,1
DA:75,4
DA:76,1
DA:77,2
DA:78,1
DA:82,2
LF:34
LH:33
end_of_record
SF:lib/models/expanded_contact.dart
DA:10,4
DA:18,1
DA:19,4
LF:3
LH:3
end_of_record
SF:lib/models/user_profile.dart
DA:9,5
DA:17,2
DA:18,2
DA:19,2
DA:20,2
DA:21,2
DA:22,4
DA:23,2
DA:27,2
DA:28,2
DA:29,2
DA:30,2
DA:31,2
DA:32,4
DA:33,2
LF:15
LH:15
end_of_record
SF:lib/models/conversation.dart
DA:8,1
DA:16,2
DA:17,1
DA:18,2
DA:19,1
DA:20,1
DA:23,2
DA:25,2
DA:26,2
DA:27,1
DA:28,1
LF:11
LH:11
end_of_record
SF:lib/services/auth_service.dart
DA:11,3
DA:15,2
DA:16,1
DA:18,6
DA:20,0
DA:23,1
DA:27,2
DA:29,0
DA:33,2
DA:36,1
DA:37,1
DA:38,1
DA:39,1
DA:43,2
DA:46,3
DA:50,2
DA:54,2
DA:57,2
DA:58,2
DA:61,2
DA:64,1
DA:65,1
DA:66,1
DA:67,1
DA:70,2
DA:71,0
DA:74,2
DA:82,2
DA:83,2
DA:88,0
DA:89,0
DA:94,1
DA:96,1
DA:98,1
DA:99,1
DA:102,1
DA:103,1
DA:105,1
DA:108,2
DA:113,1
DA:116,1
DA:117,0
DA:121,0
DA:124,0
DA:125,0
DA:126,0
DA:127,0
DA:128,0
DA:133,0
DA:134,0
DA:136,0
DA:139,2
DA:144,1
DA:146,2
DA:147,2
DA:148,2
DA:151,0
LF:57
LH:41
end_of_record
SF:lib/models/message.dart
DA:12,3
DA:24,4
DA:25,12
DA:27,4
DA:28,2
DA:29,2
DA:30,2
DA:31,4
DA:32,2
DA:33,2
DA:34,3
DA:35,2
DA:38,2
DA:40,1
DA:41,1
DA:42,1
DA:43,2
DA:44,1
DA:45,1
DA:46,1
DA:47,1
DA:50,2
DA:54,2
DA:55,2
DA:56,2
DA:57,2
DA:58,0
DA:59,2
DA:60,2
DA:61,2
DA:62,0
DA:63,0
LF:32
LH:29
end_of_record
SF:lib/screens/chat_screen.dart
DA:22,0
DA:30,0
DA:32,0
DA:33,0
DA:47,0
DA:49,0
DA:50,0
DA:51,0
DA:52,0
DA:53,0
DA:54,0
DA:55,0
DA:56,0
DA:59,0
DA:61,0
DA:62,0
DA:67,0
DA:68,0
DA:72,0
DA:73,0
DA:76,0
DA:79,0
DA:80,0
DA:81,0
DA:82,0
DA:84,0
DA:87,0
DA:89,0
DA:90,0
DA:91,0
DA:92,0
DA:96,0
DA:97,0
DA:98,0
DA:105,0
DA:106,0
DA:107,0
DA:108,0
DA:111,0
DA:112,0
DA:113,0
DA:119,0
DA:120,0
DA:125,0
DA:126,0
DA:128,0
DA:130,0
DA:131,0
DA:132,0
DA:135,0
DA:136,0
DA:137,0
DA:143,0
DA:144,0
DA:148,0
DA:149,0
DA:152,0
DA:159,0
DA:160,0
DA:161,0
DA:169,0
DA:170,0
DA:171,0
DA:172,0
DA:174,0
DA:177,0
DA:178,0
DA:183,0
DA:184,0
DA:191,0
DA:192,0
DA:193,0
DA:199,0
DA:200,0
DA:201,0
DA:202,0
DA:203,0
DA:204,0
DA:205,0
DA:206,0
DA:208,0
DA:210,0
DA:211,0
DA:214,0
DA:215,0
DA:216,0
DA:219,0
DA:222,0
DA:223,0
DA:224,0
DA:234,0
DA:235,0
DA:243,0
DA:246,0
DA:249,0
DA:251,0
DA:252,0
DA:253,0
DA:254,0
DA:255,0
DA:257,0
DA:258,0
DA:261,0
DA:263,0
DA:264,0
DA:266,0
DA:269,0
DA:272,0
DA:273,0
DA:274,0
DA:278,0
DA:279,0
DA:280,0
DA:284,0
DA:289,0
DA:291,0
DA:292,0
DA:293,0
DA:294,0
DA:297,0
DA:299,0
DA:302,0
DA:303,0
DA:304,0
DA:306,0
DA:307,0
DA:308,0
DA:309,0
DA:310,0
DA:311,0
DA:312,0
DA:314,0
DA:315,0
DA:316,0
DA:318,0
DA:321,0
DA:322,0
DA:323,0
DA:326,0
DA:327,0
DA:328,0
DA:329,0
DA:330,0
DA:333,0
DA:334,0
DA:335,0
DA:336,0
DA:339,0
DA:346,0
DA:347,0
DA:348,0
DA:350,0
DA:351,0
DA:352,0
DA:353,0
DA:360,0
DA:362,0
DA:363,0
DA:364,0
DA:365,0
DA:366,0
DA:368,0
DA:369,0
DA:372,0
DA:375,0
DA:377,0
LF:166
LH:0
end_of_record
SF:lib/services/message_service.dart
DA:9,2
DA:10,2
DA:13,1
DA:14,1
DA:17,1
DA:20,3
DA:23,4
DA:24,2
DA:27,1
DA:29,0
DA:33,1
DA:35,2
DA:36,1
DA:37,1
DA:38,2
DA:40,2
DA:44,0
DA:49,0
DA:52,0
DA:54,0
DA:58,0
DA:59,0
DA:60,0
DA:63,0
DA:64,0
DA:67,0
DA:68,0
DA:72,0
DA:73,0
DA:74,0
DA:75,0
DA:77,0
DA:80,0
DA:87,1
DA:89,4
DA:90,2
DA:91,1
DA:93,0
DA:95,0
DA:99,1
DA:100,1
DA:102,1
DA:103,1
DA:104,1
DA:105,1
DA:106,1
DA:107,0
DA:108,0
DA:110,0
DA:111,0
DA:112,0
DA:113,0
DA:114,0
DA:118,1
DA:119,1
DA:120,1
DA:121,2
DA:122,1
DA:123,1
DA:124,1
DA:125,0
DA:126,0
DA:128,0
DA:129,0
DA:130,0
DA:131,0
DA:132,0
DA:136,1
DA:138,3
DA:140,1
DA:141,1
DA:142,1
DA:144,1
DA:145,1
DA:146,3
DA:147,1
DA:148,2
DA:152,1
DA:153,1
DA:156,1
DA:157,1
DA:158,1
DA:159,1
DA:160,1
DA:161,1
DA:165,0
DA:169,1
DA:170,2
DA:171,3
DA:174,1
DA:176,1
DA:177,1
DA:178,1
DA:179,1
DA:181,2
DA:182,1
DA:187,2
DA:188,1
DA:191,4
DA:194,1
DA:196,1
DA:197,2
DA:199,5
DA:200,1
DA:204,2
DA:209,1
DA:211,0
DA:212,0
LF:108
LH:71
end_of_record
SF:lib/utils/notification_test_utils.dart
DA:7,0
DA:12,0
DA:13,0
DA:16,0
DA:18,0
DA:19,0
DA:20,0
DA:21,0
DA:24,0
DA:25,0
DA:28,0
DA:29,0
DA:35,0
DA:36,0
DA:40,0
DA:42,0
DA:45,0
LF:17
LH:0
end_of_record
SF:lib/widgets/message_bubble.dart
DA:19,1
DA:26,1
DA:28,1
DA:29,1
DA:37,1
DA:39,1
DA:40,5
DA:41,2
DA:44,0
DA:45,0
DA:47,0
DA:49,0
DA:51,0
DA:52,0
DA:53,0
DA:56,0
DA:59,0
DA:66,0
DA:68,0
DA:70,0
DA:73,0
DA:76,0
DA:79,0
DA:82,0
DA:84,0
DA:94,0
DA:96,0
DA:99,0
DA:101,0
DA:102,0
DA:104,0
DA:106,0
DA:107,0
DA:115,0
DA:120,0
DA:122,0
DA:124,0
DA:130,0
DA:136,0
DA:142,0
DA:147,0
DA:148,0
DA:151,0
DA:152,0
DA:153,0
DA:156,0
DA:159,0
DA:161,0
DA:165,0
DA:166,0
DA:171,1
DA:172,3
DA:173,3
DA:174,1
DA:177,1
DA:178,5
DA:179,2
DA:180,2
DA:181,4
DA:182,1
DA:183,5
DA:184,3
DA:185,4
DA:192,1
DA:193,4
DA:194,6
DA:195,3
DA:196,1
DA:197,6
DA:199,2
DA:200,1
DA:202,3
DA:206,1
DA:208,1
DA:209,2
DA:210,1
DA:212,1
DA:214,1
DA:215,1
DA:217,1
DA:218,3
DA:219,1
DA:220,1
DA:222,1
DA:224,1
DA:225,3
DA:226,1
DA:227,0
DA:228,1
DA:229,1
DA:230,1
DA:231,3
DA:234,1
DA:238,0
DA:245,5
DA:246,4
DA:247,1
DA:248,1
DA:249,1
DA:250,1
DA:251,1
DA:252,1
DA:253,1
DA:260,2
DA:263,1
DA:265,1
DA:272,1
DA:273,1
DA:274,1
DA:275,3
DA:280,1
DA:282,1
DA:283,1
DA:284,4
DA:290,4
DA:307,13
DA:308,1
DA:311,1
DA:314,1
DA:315,1
DA:317,1
DA:319,1
DA:321,1
DA:333,1
DA:335,2
DA:336,2
DA:337,1
LF:127
LH:83
end_of_record
SF:lib/services/local_notification_service.dart
DA:12,2
DA:13,1
DA:17,1
DA:22,1
DA:28,1
DA:33,2
DA:35,0
DA:37,0
DA:40,0
DA:42,0
DA:43,0
DA:46,0
DA:53,2
DA:59,0
DA:61,0
DA:62,0
DA:66,0
DA:70,1
DA:78,1
DA:79,1
DA:81,0
DA:87,1
DA:88,2
DA:89,0
DA:90,0
DA:94,0
DA:95,0
DA:96,0
DA:98,0
DA:99,0
DA:102,0
DA:105,0
DA:108,0
DA:109,0
DA:110,0
DA:112,0
DA:113,0
DA:130,0
DA:136,0
DA:140,0
DA:141,0
DA:142,0
DA:143,0
DA:144,0
DA:145,0
DA:146,0
DA:158,0
DA:162,0
DA:163,0
DA:170,0
DA:173,0
DA:174,0
DA:176,0
DA:177,0
DA:181,0
DA:184,0
DA:186,0
DA:191,0
DA:192,0
DA:193,0
DA:195,0
DA:202,0
DA:204,0
DA:209,0
DA:210,0
DA:211,0
DA:212,0
DA:213,0
DA:214,0
DA:216,0
DA:217,0
DA:218,0
DA:225,1
DA:226,1
DA:230,0
DA:231,0
DA:232,0
DA:233,0
LF:78
LH:14
end_of_record
SF:lib/services/notification_navigation_service.dart
DA:11,3
DA:12,0
DA:13,3
DA:14,0
DA:17,0
DA:19,0
DA:21,0
DA:26,0
DA:27,0
DA:32,1
DA:34,1
DA:37,1
DA:38,1
DA:41,0
DA:44,0
DA:48,0
DA:52,0
DA:53,0
DA:54,0
DA:62,2
DA:67,0
DA:69,0
DA:74,0
DA:77,0
DA:82,0
DA:83,0
DA:84,0
DA:85,0
DA:86,0
DA:92,0
DA:93,0
DA:94,0
DA:95,0
DA:96,0
DA:99,0
DA:105,0
DA:106,0
DA:107,0
DA:108,0
DA:109,0
DA:110,0
DA:112,0
DA:113,0
DA:114,0
LF:44
LH:7
end_of_record
SF:lib/services/notification_service.dart
DA:8,1
DA:9,1
DA:23,1
DA:29,1
DA:30,1
DA:35,1
DA:36,1
DA:41,1
DA:42,2
DA:46,1
DA:47,1
DA:50,0
DA:52,0
DA:56,0
DA:57,0
DA:60,0
DA:63,0
DA:64,0
DA:65,0
DA:74,0
DA:75,0
DA:77,0
DA:80,0
DA:81,0
DA:83,0
DA:86,0
DA:91,1
DA:95,1
DA:98,0
DA:100,0
DA:104,0
DA:105,0
DA:107,0
DA:111,0
DA:115,0
DA:117,0
DA:121,0
DA:122,0
DA:123,0
DA:132,0
DA:133,0
DA:135,0
DA:138,0
DA:139,0
DA:141,0
DA:144,0
LF:46
LH:13
end_of_record
SF:lib/widgets/image_editor.dart
DA:16,1
DA:20,1
DA:22,1
DA:23,1
DA:33,1
DA:35,1
DA:36,2
DA:39,1
DA:41,1
DA:43,1
DA:47,1
DA:48,1
DA:50,2
DA:52,1
DA:54,2
DA:58,1
DA:59,1
DA:60,1
DA:61,1
DA:62,1
DA:64,1
DA:65,1
DA:66,1
DA:68,1
DA:70,1
DA:71,2
DA:73,1
DA:76,0
DA:82,1
DA:83,0
DA:84,0
DA:85,0
DA:86,0
DA:87,0
DA:88,0
DA:89,0
DA:90,0
DA:91,0
DA:92,0
DA:97,0
DA:98,0
DA:99,0
DA:100,0
DA:101,0
DA:102,0
DA:103,0
DA:104,0
DA:105,0
DA:106,0
DA:111,0
DA:112,0
DA:114,0
DA:117,1
DA:118,2
DA:125,1
DA:126,0
DA:136,1
DA:139,1
DA:141,1
DA:143,1
DA:144,1
DA:146,1
DA:147,1
DA:148,1
DA:151,0
DA:152,0
DA:153,0
DA:161,1
DA:163,1
DA:165,1
DA:166,1
DA:167,1
DA:168,1
DA:169,1
DA:170,1
DA:171,1
DA:172,1
DA:173,1
DA:174,1
DA:175,1
DA:187,1
DA:188,1
DA:189,0
DA:190,0
DA:191,0
DA:194,1
DA:198,1
DA:201,1
DA:202,2
DA:205,1
DA:206,1
DA:217,0
DA:218,0
DA:220,0
DA:222,0
DA:224,0
DA:226,0
DA:227,0
DA:228,0
DA:231,0
DA:233,0
DA:235,0
DA:238,0
DA:243,0
DA:244,0
DA:246,0
DA:247,0
DA:252,0
DA:253,0
DA:254,0
DA:255,0
DA:258,0
DA:259,0
DA:260,0
DA:263,0
DA:265,0
DA:268,0
DA:269,0
DA:270,0
DA:271,0
DA:274,0
DA:276,0
DA:277,0
DA:278,0
DA:279,0
DA:283,0
DA:284,0
DA:287,0
DA:290,0
DA:292,0
DA:293,0
DA:294,0
DA:299,0
DA:300,0
DA:301,0
DA:305,0
DA:306,0
DA:307,0
DA:317,1
DA:319,1
DA:321,4
DA:322,0
DA:323,0
DA:324,0
DA:325,0
DA:326,0
DA:328,0
DA:330,0
DA:332,0
DA:333,0
DA:339,0
DA:347,0
LF:152
LH:63
end_of_record
SF:lib/firebase_options.dart
DA:18,1
DA:22,1
DA:23,1
DA:25,0
DA:27,0
DA:29,0
DA:31,0
DA:32,0
DA:37,0
DA:44,1
DA:49,1
DA:54,1
DA:59,1
DA:64,1
DA:65,1
DA:72,1
DA:73,1
LF:17
LH:11
end_of_record
SF:lib/main.dart
DA:16,0
DA:17,0
DA:18,0
DA:19,0
DA:21,0
DA:22,0
DA:28,0
DA:33,0
DA:36,0
DA:37,0
DA:40,0
DA:43,0
DA:46,0
DA:48,0
DA:52,16
DA:54,0
DA:56,0
DA:58,0
DA:59,0
DA:62,0
DA:63,0
DA:64,0
DA:74,0
DA:75,0
DA:76,0
DA:89,16
DA:91,0
DA:93,0
DA:94,0
DA:95,0
DA:96,0
DA:101,0
DA:106,0
DA:107,0
DA:108,0
DA:109,0
DA:110,0
DA:115,0
DA:116,0
DA:117,0
DA:123,0
DA:124,0
DA:125,0
DA:126,0
DA:135,0
LF:45
LH:2
end_of_record
SF:lib/screens/auth/auth_form.dart
DA:7,3
DA:11,3
DA:13,3
DA:15,3
DA:16,3
DA:18,3
DA:24,3
DA:25,2
DA:27,3
DA:30,3
DA:31,3
LF:11
LH:11
end_of_record
SF:lib/screens/auth/auth_screen.dart
DA:8,33
DA:10,1
DA:11,1
DA:19,0
DA:20,0
DA:22,0
DA:23,0
DA:24,0
DA:25,0
DA:26,0
DA:27,0
DA:32,0
DA:33,0
DA:34,0
DA:35,0
DA:40,0
DA:41,0
DA:46,1
DA:48,1
DA:49,1
DA:50,1
DA:51,1
DA:52,1
LF:23
LH:9
end_of_record
SF:lib/screens/contact_info/contact_info_box.dart
DA:8,2
DA:13,2
DA:15,2
DA:17,2
DA:18,8
DA:19,8
DA:21,2
DA:23,2
DA:29,2
DA:30,2
DA:37,2
DA:39,2
DA:40,2
DA:42,6
DA:43,2
DA:44,2
DA:45,2
DA:46,4
DA:56,2
DA:57,2
DA:66,2
DA:67,2
DA:75,2
DA:77,2
DA:78,4
DA:80,4
DA:89,2
DA:90,2
DA:91,2
DA:92,4
DA:93,12
DA:94,2
LF:32
LH:32
end_of_record
SF:lib/screens/contact_info/contact_info_screen.dart
DA:9,1
DA:16,1
DA:18,1
DA:19,1
DA:21,1
DA:22,0
DA:23,2
DA:26,1
DA:27,1
DA:28,1
DA:29,1
DA:30,1
LF:12
LH:11
end_of_record
SF:lib/screens/contacts_grid/contact_list.dart
DA:13,1
DA:18,1
DA:20,0
DA:21,0
DA:22,0
DA:23,0
DA:24,0
DA:25,0
DA:27,0
DA:28,0
DA:29,0
DA:34,1
DA:36,1
DA:44,2
DA:45,0
DA:46,0
DA:47,0
DA:48,0
DA:50,0
DA:53,0
LF:20
LH:5
end_of_record
SF:lib/screens/contacts_grid/contact_search_bar.dart
DA:6,4
DA:8,2
DA:10,2
DA:12,2
DA:13,2
DA:14,2
DA:17,2
DA:18,2
LF:8
LH:8
end_of_record
SF:lib/screens/contacts_grid/contacts_grid_screen.dart
DA:20,49
DA:22,1
DA:23,1
DA:42,1
DA:44,1
DA:45,2
DA:46,1
DA:47,1
DA:52,1
DA:54,4
DA:55,0
DA:58,0
DA:59,0
DA:61,0
DA:66,2
DA:70,0
DA:71,0
DA:77,0
DA:80,0
DA:81,0
DA:82,0
DA:92,0
DA:93,0
DA:94,0
DA:95,0
DA:98,0
DA:101,0
DA:102,0
DA:103,0
DA:114,0
DA:116,0
DA:117,0
DA:118,0
DA:119,0
DA:120,0
DA:124,0
DA:125,0
DA:128,0
DA:130,0
DA:131,0
DA:133,0
DA:134,0
DA:139,0
DA:143,1
DA:144,1
DA:145,0
DA:146,0
DA:148,0
DA:149,0
DA:150,0
DA:152,0
DA:153,0
DA:158,0
DA:159,0
DA:161,0
DA:165,0
DA:166,0
DA:168,0
DA:169,0
DA:170,0
DA:171,0
DA:172,0
DA:173,0
DA:179,0
DA:181,0
DA:182,0
DA:183,0
DA:187,0
DA:190,0
DA:192,0
DA:194,0
DA:195,0
DA:196,0
DA:197,0
DA:201,0
DA:202,0
DA:207,0
DA:208,0
DA:213,0
DA:214,0
DA:216,0
DA:219,0
DA:222,0
DA:224,0
DA:225,0
DA:228,0
DA:232,0
DA:233,0
DA:236,0
DA:242,0
DA:243,0
DA:245,0
DA:251,0
DA:256,0
DA:257,0
DA:261,0
DA:263,0
DA:266,0
DA:267,0
DA:268,0
DA:269,0
DA:270,0
DA:272,0
DA:274,0
DA:278,0
DA:280,0
DA:281,0
DA:282,0
DA:283,0
DA:284,0
DA:290,0
DA:294,0
DA:295,0
DA:296,0
DA:302,0
DA:304,0
DA:306,0
DA:309,0
DA:310,0
DA:311,0
DA:312,0
DA:313,0
DA:314,0
DA:319,0
DA:322,0
DA:323,0
DA:324,0
DA:327,0
DA:329,0
DA:330,0
DA:334,0
DA:335,0
DA:341,0
DA:347,0
DA:348,0
DA:351,0
DA:355,0
DA:356,0
DA:358,0
DA:359,0
DA:360,0
DA:362,0
DA:365,0
DA:366,0
DA:369,0
DA:370,0
DA:373,0
DA:375,0
DA:383,0
DA:387,0
DA:393,0
DA:394,0
DA:397,0
DA:398,0
DA:399,0
DA:400,0
DA:401,0
DA:402,0
DA:403,0
DA:407,0
DA:408,0
DA:410,0
DA:418,0
DA:419,0
DA:422,0
DA:423,0
DA:424,0
DA:425,0
DA:426,0
DA:428,0
DA:429,0
DA:433,0
DA:436,0
DA:437,0
DA:442,0
DA:443,0
DA:444,0
DA:445,0
DA:446,0
DA:447,0
DA:451,0
DA:453,0
DA:454,0
DA:459,0
DA:464,0
DA:465,0
DA:470,0
DA:471,0
DA:474,0
DA:475,0
DA:477,0
DA:478,0
DA:481,0
DA:482,0
DA:483,0
DA:484,0
DA:485,0
DA:486,0
DA:487,0
DA:491,0
DA:492,0
DA:495,0
DA:496,0
DA:497,0
DA:502,0
DA:507,0
DA:508,0
DA:511,0
DA:512,0
DA:513,0
DA:514,0
DA:515,0
DA:516,0
DA:524,0
DA:525,0
DA:528,0
DA:532,0
DA:537,0
DA:538,0
DA:539,0
DA:540,0
DA:541,0
DA:547,1
DA:549,2
DA:550,2
DA:551,2
DA:552,1
DA:555,1
DA:557,1
DA:558,1
DA:560,1
DA:561,1
DA:563,0
DA:564,0
DA:566,0
DA:568,0
DA:571,1
DA:573,1
DA:577,1
DA:578,1
DA:579,2
DA:580,1
DA:581,1
DA:583,0
DA:584,0
DA:585,0
DA:587,0
DA:593,0
DA:594,0
DA:600,0
DA:601,0
DA:602,0
DA:603,0
LF:253
LH:30
end_of_record
SF:lib/screens/profile/profile_form.dart
DA:7,2
DA:13,2
DA:15,2
DA:16,2
DA:17,2
DA:18,2
DA:25,2
DA:26,2
LF:8
LH:8
end_of_record
SF:lib/screens/profile/profile_picture_editor.dart
DA:9,2
DA:15,2
DA:16,2
DA:22,1
DA:23,1
DA:24,1
DA:31,0
DA:32,0
DA:36,2
DA:38,2
DA:40,2
DA:41,2
DA:43,2
DA:44,2
DA:45,0
DA:46,10
DA:47,6
DA:51,2
DA:54,2
DA:55,2
DA:56,2
DA:57,2
DA:60,2
DA:61,2
DA:77,2
DA:80,2
DA:81,0
DA:82,2
DA:83,2
DA:86,2
DA:87,2
LF:31
LH:27
end_of_record
SF:lib/screens/profile/profile_screen.dart
DA:14,17
DA:20,1
DA:21,1
DA:33,1
DA:35,1
DA:37,3
DA:38,3
DA:39,1
DA:42,1
DA:43,3
DA:45,2
DA:47,3
DA:49,2
DA:50,3
DA:51,3
DA:52,2
DA:57,2
DA:59,3
DA:63,1
DA:64,3
DA:66,2
DA:69,3
DA:72,2
DA:74,1
DA:77,1
DA:82,3
DA:83,1
DA:86,1
DA:88,5
DA:89,1
DA:90,1
DA:95,3
DA:96,1
DA:97,1
DA:100,0
DA:102,3
DA:106,0
DA:108,0
DA:109,0
DA:110,0
DA:112,0
DA:114,0
DA:117,0
DA:118,0
DA:119,0
DA:122,0
DA:123,0
DA:124,0
DA:125,0
DA:134,0
DA:135,0
DA:142,0
DA:143,0
DA:145,0
DA:150,0
DA:151,0
DA:152,0
DA:154,0
DA:156,0
DA:159,0
DA:160,0
DA:161,0
DA:164,0
DA:165,0
DA:166,0
DA:167,0
DA:176,0
DA:181,0
DA:182,0
DA:184,0
DA:185,0
DA:193,1
DA:195,2
DA:198,1
DA:199,3
DA:200,2
DA:204,1
DA:206,1
DA:207,1
DA:209,1
DA:210,1
DA:212,0
DA:213,0
DA:214,0
DA:215,0
DA:216,0
DA:217,0
DA:224,1
DA:226,1
DA:228,1
DA:229,1
DA:230,1
DA:231,1
DA:232,1
DA:234,2
DA:237,3
DA:238,3
DA:244,1
DA:245,1
DA:246,1
DA:249,1
DA:250,2
DA:251,1
DA:254,2
LF:104
LH:62
end_of_record
SF:lib/widgets/contact_grid_item.dart
DA:14,1
DA:21,1
DA:23,1
DA:26,1
DA:27,1
DA:28,1
DA:29,2
DA:30,0
DA:32,2
DA:35,1
DA:36,4
DA:37,1
DA:38,1
DA:39,1
DA:40,1
DA:42,1
DA:44,1
DA:45,1
DA:46,1
DA:47,1
DA:48,6
DA:49,1
DA:51,1
DA:52,2
DA:53,0
DA:54,1
DA:55,0
DA:56,0
DA:57,0
DA:58,0
DA:63,0
DA:66,0
DA:69,1
DA:70,4
DA:80,2
DA:81,0
DA:84,0
DA:87,0
DA:90,0
DA:97,1
DA:98,1
DA:100,1
DA:101,3
DA:103,1
DA:105,2
DA:108,2
DA:115,2
DA:116,0
DA:118,0
DA:120,0
DA:121,0
DA:123,0
DA:125,0
DA:127,0
DA:134,1
DA:135,1
DA:136,2
DA:147,1
DA:150,1
DA:152,0
DA:161,0
DA:162,0
DA:164,0
DA:166,0
DA:167,0
DA:168,0
DA:169,0
DA:175,0
DA:176,0
DA:177,0
DA:178,0
DA:179,0
DA:180,0
DA:182,0
DA:183,0
DA:184,0
DA:189,1
DA:190,1
DA:191,2
DA:192,2
DA:193,6
DA:195,0
LF:82
LH:45
end_of_record
SF:lib/widgets/custom_contact_avatar.dart
DA:21,1
DA:28,1
DA:30,3
DA:31,1
DA:32,1
DA:34,1
DA:35,2
DA:36,2
DA:37,1
DA:40,1
DA:43,1
DA:45,1
DA:49,1
DA:50,1
DA:51,3
DA:52,1
DA:54,2
DA:55,1
DA:62,1
DA:63,1
DA:64,2
DA:65,2
DA:66,6
DA:68,2
DA:71,1
DA:72,1
DA:74,3
DA:75,4
DA:77,3
DA:80,1
DA:81,3
DA:82,3
DA:83,3
DA:85,1
LF:34
LH:34
end_of_record
SF:lib/screens/onboarding/onboarding_screen.dart
DA:12,17
DA:14,1
DA:15,1
DA:28,1
DA:30,1
DA:31,1
DA:34,1
DA:35,2
DA:36,0
DA:37,0
DA:41,0
DA:42,0
DA:46,0
DA:49,0
DA:58,0
DA:60,0
DA:63,0
DA:64,0
DA:68,0
DA:73,0
DA:75,0
DA:78,0
DA:79,0
DA:85,0
DA:86,0
DA:88,0
DA:89,0
DA:90,0
DA:94,0
DA:95,0
DA:98,0
DA:99,0
DA:102,0
DA:104,0
DA:108,0
DA:109,0
DA:110,0
DA:116,0
DA:117,0
DA:118,0
DA:119,0
DA:121,0
DA:122,0
DA:123,0
DA:127,0
DA:129,0
DA:130,0
DA:131,0
DA:137,0
DA:138,0
DA:139,0
DA:144,1
DA:146,2
DA:147,2
DA:148,1
DA:151,1
DA:153,2
DA:154,1
DA:156,1
DA:157,1
DA:158,1
DA:159,1
DA:160,1
DA:166,1
DA:168,1
DA:169,2
DA:171,1
DA:173,1
DA:174,1
DA:176,1
DA:178,1
DA:179,0
DA:180,0
DA:182,0
DA:183,1
DA:184,1
DA:185,0
DA:199,1
DA:200,1
DA:201,1
DA:203,1
DA:205,1
DA:206,0
DA:208,1
DA:210,1
DA:211,1
DA:215,2
DA:222,1
DA:223,1
DA:224,1
DA:227,1
DA:228,1
DA:233,0
DA:234,0
DA:239,1
DA:240,1
DA:241,1
DA:244,1
DA:245,1
DA:249,1
DA:251,0
DA:255,1
DA:256,1
DA:257,1
DA:259,1
DA:262,1
DA:264,0
DA:266,0
DA:267,0
DA:268,0
DA:269,0
DA:271,0
DA:272,0
DA:275,0
DA:276,0
DA:277,0
DA:286,1
DA:289,1
DA:292,1
DA:293,2
DA:294,1
DA:295,1
DA:297,1
DA:298,1
DA:302,1
DA:322,1
DA:325,1
DA:326,1
DA:327,0
DA:328,0
LF:130
LH:67
end_of_record
SF:lib/screens/onboarding/otp_verification_screen.dart
DA:18,0
DA:25,0
DA:27,0
DA:28,0
DA:47,0
DA:49,0
DA:50,0
DA:53,0
DA:54,0
DA:55,0
DA:56,0
DA:61,0
DA:62,0
DA:63,0
DA:64,0
DA:65,0
DA:66,0
DA:68,0
DA:71,0
DA:73,0
DA:74,0
DA:75,0
DA:77,0
DA:79,0
DA:80,0
DA:81,0
DA:82,0
DA:85,0
DA:86,0
DA:87,0
DA:94,0
DA:95,0
DA:96,0
DA:101,0
DA:102,0
DA:103,0
DA:104,0
DA:105,0
DA:106,0
DA:107,0
DA:110,0
DA:115,0
DA:116,0
DA:118,0
DA:119,0
DA:120,0
DA:121,0
DA:126,0
DA:127,0
DA:128,0
DA:134,0
DA:136,0
DA:137,0
DA:142,0
DA:146,0
DA:148,0
DA:149,0
DA:150,0
DA:154,0
DA:155,0
DA:156,0
DA:161,0
DA:164,0
DA:165,0
DA:166,0
DA:167,0
DA:168,0
DA:173,0
DA:176,0
DA:178,0
DA:180,0
DA:181,0
DA:182,0
DA:186,0
DA:187,0
DA:188,0
DA:195,0
DA:197,0
DA:200,0
DA:201,0
DA:207,0
DA:208,0
DA:210,0
DA:211,0
DA:212,0
DA:217,0
DA:218,0
DA:220,0
DA:222,0
DA:224,0
DA:225,0
DA:226,0
DA:231,0
DA:232,0
DA:235,0
DA:238,0
DA:240,0
DA:241,0
DA:243,0
DA:244,0
DA:246,0
DA:247,0
DA:250,0
DA:252,0
DA:254,0
DA:255,0
DA:258,0
DA:260,0
DA:263,0
DA:264,0
DA:265,0
DA:267,0
DA:268,0
DA:269,0
DA:271,0
DA:273,0
DA:275,0
DA:276,0
DA:278,0
DA:279,0
DA:280,0
DA:287,0
DA:290,0
DA:295,0
DA:297,0
DA:302,0
DA:304,0
DA:307,0
DA:309,0
DA:310,0
DA:311,0
DA:314,0
DA:322,0
DA:324,0
DA:326,0
DA:328,0
DA:329,0
DA:330,0
DA:331,0
DA:333,0
DA:334,0
DA:335,0
DA:336,0
DA:340,0
DA:341,0
DA:342,0
DA:343,0
DA:346,0
DA:347,0
DA:348,0
DA:349,0
DA:355,0
DA:359,0
DA:360,0
DA:361,0
DA:368,0
DA:369,0
DA:371,0
DA:372,0
DA:375,0
DA:377,0
DA:379,0
DA:382,0
DA:383,0
DA:390,0
DA:392,0
DA:394,0
DA:395,0
DA:396,0
DA:397,0
DA:399,0
DA:400,0
DA:403,0
DA:404,0
DA:405,0
DA:414,0
DA:417,0
DA:420,0
DA:421,0
DA:422,0
DA:423,0
DA:425,0
DA:426,0
DA:427,0
DA:431,0
DA:451,0
DA:454,0
DA:457,0
DA:458,0
DA:459,0
DA:460,0
DA:461,0
DA:462,0
DA:476,0
DA:479,0
DA:481,0
DA:482,0
DA:484,0
DA:485,0
DA:488,0
DA:489,0
DA:490,0
DA:495,0
DA:496,0
DA:499,0
DA:501,0
DA:504,0
DA:505,0
DA:506,0
DA:507,0
DA:508,0
DA:510,0
DA:511,0
DA:512,0
DA:519,0
DA:522,0
DA:524,0
DA:525,0
LF:218
LH:0
end_of_record
SF:lib/services/phone_auth_service.dart
DA:11,0
DA:12,0
DA:13,0
DA:16,1
DA:20,1
DA:27,2
DA:29,1
DA:32,3
DA:33,1
DA:35,2
DA:38,1
DA:39,3
DA:41,1
DA:42,1
DA:44,1
DA:45,1
DA:52,1
DA:58,1
DA:64,3
DA:66,1
DA:68,2
DA:69,1
DA:70,2
DA:71,1
DA:73,3
DA:76,1
DA:81,1
DA:87,1
DA:90,2
LF:29
LH:26
end_of_record
